<?xml version="1.0" encoding="utf-8"?><testsuites name="pytest tests"><testsuite name="pytest" errors="0" failures="0" skipped="0" tests="7" time="5.178" timestamp="2026-08-17T13:26:42.677416+00:00" hostname="agent-env-f3c73295-65e4-451e-9f78-1c4dff4aca67"><testcase classname="backend.tests.test_iter43_email_gate" name="test_unverified_blocked_from_protected_apis" time="0.961" /><testcase classname="backend.tests.test_iter43_email_gate" name="test_unverified_can_access_allowed_surfaces" time="0.855" /><testcase classname="backend.tests.test_iter43_email_gate" name="test_change_unverified_email_and_duplicate_rejected" time="0.716" /><testcase classname="backend.tests.test_iter43_email_gate" name="test_verification_unlocks_access" time="0.512" /><testcase classname="backend.tests.test_iter43_email_gate" name="test_verify_link_pages_branded" time="0.139" /><testcase classname="backend.tests.test_iter43_email_gate" name="test_demo_accounts_unaffected" time="0.539" /><testcase classname="backend.tests.test_iter43_email_gate" name="test_resend_rate_limited" time="1.394" /></testsuite></testsuites>