<?xml version="1.0" encoding="utf-8"?><testsuites name="pytest tests"><testsuite name="pytest" errors="0" failures="0" skipped="0" tests="22" time="2.623" timestamp="2026-07-31T16:35:42.863081+00:00" hostname="agent-env-f3c73295-65e4-451e-9f78-1c4dff4aca67"><testcase classname="backend.tests.test_iter33_orrbbit_branding.TestConfigSanity" name="test_app_json_name_orrbbit" time="0.000" /><testcase classname="backend.tests.test_iter33_orrbbit_branding.TestConfigSanity" name="test_app_json_scheme_orrbbit" time="0.000" /><testcase classname="backend.tests.test_iter33_orrbbit_branding.TestConfigSanity" name="test_app_json_bundle_and_package" time="0.000" /><testcase classname="backend.tests.test_iter33_orrbbit_branding.TestConfigSanity" name="test_app_json_notification_icon" time="0.000" /><testcase classname="backend.tests.test_iter33_orrbbit_branding.TestConfigSanity" name="test_no_introapp_or_scheme_frontend_in_configs" time="0.000" /><testcase classname="backend.tests.test_iter33_orrbbit_branding.TestConfigSanity" name="test_referenced_assets_exist" time="0.000" /><testcase classname="backend.tests.test_iter33_orrbbit_branding.TestAssets" name="test_icon_1024_rgb_opaque" time="0.020" /><testcase classname="backend.tests.test_iter33_orrbbit_branding.TestAssets" name="test_adaptive_icon_transparent_corners" time="0.016" /><testcase classname="backend.tests.test_iter33_orrbbit_branding.TestAssets" name="test_favicon_32" time="0.001" /><testcase classname="backend.tests.test_iter33_orrbbit_branding.TestAssets" name="test_notification_icon_96_and_uses_alpha" time="0.001" /><testcase classname="backend.tests.test_iter33_orrbbit_branding.TestAssets" name="test_email_asset_exists_rgba" time="0.001" /><testcase classname="backend.tests.test_iter33_orrbbit_branding.TestEmailAssetEndpoint" name="test_get_email_logo_v2_200_png" time="0.251" /><testcase classname="backend.tests.test_iter33_orrbbit_branding.TestEmailAssetEndpoint" name="test_email_logo_url_env_matches_prod_host" time="0.000" /><testcase classname="backend.tests.test_iter33_orrbbit_branding.TestEventCodes" name="test_orb100_present_and_intro100_absent_in_server" time="0.001" /><testcase classname="backend.tests.test_iter33_orrbbit_branding.TestEventCodes" name="test_join_event_placeholder_and_chips" time="0.000" /><testcase classname="backend.tests.test_iter33_orrbbit_branding.TestEmailTemplates" name="test_templates_count_at_least_56" time="0.553" /><testcase classname="backend.tests.test_iter33_orrbbit_branding.TestEmailTemplates" name="test_welcome_preview_has_v2_logo_and_branding" time="0.110" /><testcase classname="backend.tests.test_iter33_orrbbit_branding.TestAuthRegression" name="test_register_qa_user" time="0.353" /><testcase classname="backend.tests.test_iter33_orrbbit_branding.TestAuthRegression" name="test_login_with_registered_qa_user" time="0.354" /><testcase classname="backend.tests.test_iter33_orrbbit_branding.TestAuthRegression" name="test_forgot_password" time="0.477" /><testcase classname="backend.tests.test_iter33_orrbbit_branding.TestAuthRegression" name="test_demo_login_regression" time="0.096" /><testcase classname="backend.tests.test_iter33_orrbbit_branding.TestAuthRegression" name="test_cleanup_qa_user" time="0.100" /></testsuite></testsuites>