<?xml version="1.0" encoding="utf-8"?><testsuites name="pytest tests"><testsuite name="pytest" errors="0" failures="0" skipped="0" tests="21" time="7.910" timestamp="2026-08-05T21:30:28.148489+00:00" hostname="agent-env-f3c73295-65e4-451e-9f78-1c4dff4aca67"><testcase classname="backend.tests.test_iter34_signup_consent.TestPolicies" name="test_policies_registry" time="0.150" /><testcase classname="backend.tests.test_iter34_signup_consent.TestRegisterValidation" name="test_underage_17_blocked" time="0.293" /><testcase classname="backend.tests.test_iter34_signup_consent.TestRegisterValidation" name="test_boundary_exactly_18_succeeds" time="0.691" /><testcase classname="backend.tests.test_iter34_signup_consent.TestRegisterValidation" name="test_boundary_18_minus_1_day_fails" time="0.134" /><testcase classname="backend.tests.test_iter34_signup_consent.TestRegisterValidation" name="test_missing_consent_blocks" time="0.121" /><testcase classname="backend.tests.test_iter34_signup_consent.TestRegisterValidation" name="test_future_dob_400" time="0.167" /><testcase classname="backend.tests.test_iter34_signup_consent.TestRegisterValidation" name="test_invalid_dob_400" time="0.216" /><testcase classname="backend.tests.test_iter34_signup_consent.TestSignupSuccess" name="test_token_and_user" time="0.352" /><testcase classname="backend.tests.test_iter34_signup_consent.TestSignupSuccess" name="test_consent_record_created" time="0.117" /><testcase classname="backend.tests.test_iter34_signup_consent.TestMarketingWithdrawal" name="test_withdraw_marketing_creates_record" time="0.239" /><testcase classname="backend.tests.test_iter34_signup_consent.TestAcknowledgements" name="test_valid_notice_types" time="0.230" /><testcase classname="backend.tests.test_iter34_signup_consent.TestAcknowledgements" name="test_unknown_type_400" time="0.128" /><testcase classname="backend.tests.test_iter34_signup_consent.TestAcknowledgements" name="test_latest_acknowledgements" time="0.213" /><testcase classname="backend.tests.test_iter34_signup_consent.TestDataExport" name="test_export_shape" time="0.124" /><testcase classname="backend.tests.test_iter34_signup_consent.TestBlocks" name="test_block_list_unblock_flow" time="0.617" /><testcase classname="backend.tests.test_iter34_signup_consent.TestDeleteAccountReauth" name="test_wrong_confirmation_400" time="1.185" /><testcase classname="backend.tests.test_iter34_signup_consent.TestDeleteAccountReauth" name="test_wrong_password_401" time="0.718" /><testcase classname="backend.tests.test_iter34_signup_consent.TestDeleteAccountReauth" name="test_correct_deletes_and_token_invalid" time="0.834" /><testcase classname="backend.tests.test_iter34_signup_consent.TestRegression" name="test_demo_login" time="0.122" /><testcase classname="backend.tests.test_iter34_signup_consent.TestRegression" name="test_login_password" time="0.494" /><testcase classname="backend.tests.test_iter34_signup_consent.TestRegression" name="test_forgot_password" time="0.662" /></testsuite></testsuites>