<?xml version="1.0" encoding="utf-8"?><testsuites name="pytest tests"><testsuite name="pytest" errors="0" failures="0" skipped="0" tests="9" time="4.495" timestamp="2026-08-22T12:41:22.803131+00:00" hostname="agent-env-f3c73295-65e4-451e-9f78-1c4dff4aca67"><testcase classname="tests.test_iter48c_regression.TestPrecedence" name="test_secret_process_env_wins_over_file_env" time="0.040" /><testcase classname="tests.test_iter48c_regression.TestPrecedence" name="test_branding_stays_file_first" time="0.038" /><testcase classname="tests.test_iter48c_regression.TestVerificationPipeline" name="test_verify_email_event_recorded" time="0.410" /><testcase classname="tests.test_iter48c_regression.TestVerificationPipeline" name="test_failure_reason_contains_http_signal_and_no_secret" time="1.002" /><testcase classname="tests.test_iter48c_regression.TestResendRateLimit" name="test_resend_verification_then_429" time="2.224" /><testcase classname="tests.test_iter48c_regression.TestPasswordReset" name="test_forgot_password_records_email_event" time="0.207" /><testcase classname="tests.test_iter48c_regression.TestAdminVisibility" name="test_admin_email_stats_surfaces_failures" time="0.498" /><testcase classname="tests.test_iter48c_regression.TestSenderConfig" name="test_from_email_configured" time="0.000" /><testcase classname="tests.test_iter48c_regression.TestSenderConfig" name="test_resend_api_key_variable_exists_but_not_printed" time="0.002" /></testsuite></testsuites>