<?xml version="1.0" encoding="utf-8"?><testsuites name="pytest tests"><testsuite name="pytest" errors="0" failures="0" skipped="0" tests="11" time="2.439" timestamp="2026-07-12T13:32:15.131821+00:00" hostname="agent-env-f3c73295-65e4-451e-9f78-1c4dff4aca67"><testcase classname="backend.tests.test_iter10_beta_readiness" name="test_register_and_login_flow" time="0.733" /><testcase classname="backend.tests.test_iter10_beta_readiness" name="test_demo_login_kauri" time="0.049" /><testcase classname="backend.tests.test_iter10_beta_readiness" name="test_delete_regular_user" time="0.428" /><testcase classname="backend.tests.test_iter10_beta_readiness" name="test_delete_demo_account_forbidden" time="0.092" /><testcase classname="backend.tests.test_iter10_beta_readiness" name="test_delete_requires_auth" time="0.045" /><testcase classname="backend.tests.test_iter10_beta_readiness" name="test_block_hides_from_nearby" time="0.305" /><testcase classname="backend.tests.test_iter10_beta_readiness" name="test_report_endpoint" time="0.144" /><testcase classname="backend.tests.test_iter10_beta_readiness" name="test_free_user_radius_capped" time="0.139" /><testcase classname="backend.tests.test_iter10_beta_readiness" name="test_pro_user_radius_500" time="0.135" /><testcase classname="backend.tests.test_iter10_beta_readiness" name="test_radius_hard_cap_500" time="0.136" /><testcase classname="backend.tests.test_iter10_beta_readiness" name="test_nearby_privacy_no_exact_coords" time="0.152" /></testsuite></testsuites>