<?xml version="1.0" encoding="utf-8"?><testsuites name="pytest tests"><testsuite name="pytest" errors="0" failures="0" skipped="0" tests="10" time="2.124" timestamp="2026-08-24T22:54:24.296897+00:00" hostname="agent-env-f3c73295-65e4-451e-9f78-1c4dff4aca67"><testcase classname="backend.tests.test_iter52_admin_session.TestSessionResilience" name="test_valid_token_loads_real_users" time="0.620" /><testcase classname="backend.tests.test_iter52_admin_session.TestSessionResilience" name="test_expired_token_returns_401" time="0.110" /><testcase classname="backend.tests.test_iter52_admin_session.TestSessionResilience" name="test_malformed_token_returns_401" time="0.108" /><testcase classname="backend.tests.test_iter52_admin_session.TestSessionResilience" name="test_wrong_secret_token_returns_401" time="0.102" /><testcase classname="backend.tests.test_iter52_admin_session.TestSessionResilience" name="test_wrong_token_type_returns_401" time="0.102" /><testcase classname="backend.tests.test_iter52_admin_session.TestSessionResilience" name="test_no_token_rejected" time="0.116" /><testcase classname="backend.tests.test_iter52_admin_session.TestSessionResilience" name="test_401_body_never_leaks_secrets" time="0.126" /><testcase classname="backend.tests.test_iter52_admin_session.TestSessionResilience" name="test_relogin_restores_data" time="0.563" /><testcase classname="backend.tests.test_iter52_admin_session.TestSessionResilience" name="test_genuinely_empty_result_is_a_real_200" time="0.100" /><testcase classname="backend.tests.test_iter52_admin_session.TestSessionResilience" name="test_dashboard_expired_token_401" time="0.109" /></testsuite></testsuites>