<?xml version="1.0" encoding="utf-8"?><testsuites name="pytest tests"><testsuite name="pytest" errors="0" failures="0" skipped="0" tests="31" time="15.368" timestamp="2026-07-20T07:00:16.097231+00:00" hostname="agent-env-f3c73295-65e4-451e-9f78-1c4dff4aca67"><testcase classname="backend.tests.test_iter23_control_phase3.TestMarketing" name="test_get_marketing" time="0.493" /><testcase classname="backend.tests.test_iter23_control_phase3.TestMarketing" name="test_create_banner" time="0.371" /><testcase classname="backend.tests.test_iter23_control_phase3.TestMarketing" name="test_create_promo_and_duplicate" time="0.195" /><testcase classname="backend.tests.test_iter23_control_phase3.TestMarketing" name="test_create_referral" time="0.110" /><testcase classname="backend.tests.test_iter23_control_phase3.TestMarketing" name="test_feature_professional" time="0.279" /><testcase classname="backend.tests.test_iter23_control_phase3.TestContent" name="test_get_pages" time="0.092" /><testcase classname="backend.tests.test_iter23_control_phase3.TestContent" name="test_update_terms" time="0.237" /><testcase classname="backend.tests.test_iter23_control_phase3.TestContent" name="test_update_unknown_key" time="0.090" /><testcase classname="backend.tests.test_iter23_control_phase3.TestCategories" name="test_get_categories" time="0.098" /><testcase classname="backend.tests.test_iter23_control_phase3.TestCategories" name="test_add_and_duplicate_category" time="0.189" /><testcase classname="backend.tests.test_iter23_control_phase3.TestBillingLive" name="test_live_overview_not_configured" time="0.130" /><testcase classname="backend.tests.test_iter23_control_phase3.TestBillingLive" name="test_live_refund_blocked" time="0.093" /><testcase classname="backend.tests.test_iter23_control_phase3.TestBillingDemo" name="test_demo_overview_seeded" time="0.096" /><testcase classname="backend.tests.test_iter23_control_phase3.TestBillingDemo" name="test_demo_refund_works" time="0.305" /><testcase classname="backend.tests.test_iter23_control_phase3.TestBillingDemo" name="test_integration_info" time="0.140" /><testcase classname="backend.tests.test_iter23_control_phase3.TestWebhook" name="test_webhook_no_auth_logs_and_ignores" time="0.090" /><testcase classname="backend.tests.test_iter23_control_phase3.TestDbViewer" name="test_collections" time="0.110" /><testcase classname="backend.tests.test_iter23_control_phase3.TestDbViewer" name="test_users_redacted" time="0.095" /><testcase classname="backend.tests.test_iter23_control_phase3.TestDbViewer" name="test_non_whitelisted" time="0.090" /><testcase classname="backend.tests.test_iter23_control_phase3.TestAI" name="test_list_insights" time="0.122" /><testcase classname="backend.tests.test_iter23_control_phase3.TestAI" name="test_invalid_report_type" time="0.099" /><testcase classname="backend.tests.test_iter23_control_phase3.TestAI" name="test_generate_and_export" time="9.448" /><testcase classname="backend.tests.test_iter23_control_phase3.TestBackups" name="test_run_backup" time="0.442" /><testcase classname="backend.tests.test_iter23_control_phase3.TestBackups" name="test_list_backups" time="0.092" /><testcase classname="backend.tests.test_iter23_control_phase3.TestBackups" name="test_log_download" time="0.102" /><testcase classname="backend.tests.test_iter23_control_phase3.TestBackups" name="test_restore_requires_reauth" time="0.176" /><testcase classname="backend.tests.test_iter23_control_phase3.TestExports" name="test_users_csv" time="0.112" /><testcase classname="backend.tests.test_iter23_control_phase3.TestExports" name="test_users_xlsx" time="0.241" /><testcase classname="backend.tests.test_iter23_control_phase3.TestExports" name="test_users_pdf" time="0.107" /><testcase classname="backend.tests.test_iter23_control_phase3.TestExports" name="test_revenue_live_says_not_configured" time="0.095" /><testcase classname="backend.tests.test_iter23_control_phase3.TestImpersonation" name="test_full_flow" time="0.912" /></testsuite></testsuites>