<?xml version="1.0" encoding="utf-8"?><testsuites name="pytest tests"><testsuite name="pytest" errors="0" failures="0" skipped="0" tests="10" time="1.820" timestamp="2026-07-30T12:13:12.867852+00:00" hostname="agent-env-f3c73295-65e4-451e-9f78-1c4dff4aca67"><testcase classname="backend.tests.test_iter32_qa_gate.TestTestModeUnlock" name="test_wrong_code_returns_403" time="0.212" /><testcase classname="backend.tests.test_iter32_qa_gate.TestTestModeUnlock" name="test_correct_code_returns_200_ok_true" time="0.104" /><testcase classname="backend.tests.test_iter32_qa_gate.TestTestModeUnlock" name="test_empty_code_string_returns_403_not_500" time="0.126" /><testcase classname="backend.tests.test_iter32_qa_gate.TestTestModeUnlock" name="test_missing_code_field_returns_422_not_500" time="0.095" /><testcase classname="backend.tests.test_iter32_qa_gate.TestTestModeUnlock" name="test_whitespace_code_returns_403" time="0.097" /><testcase classname="backend.tests.test_iter32_qa_gate.TestTestModeUnlock" name="test_correct_code_with_surrounding_whitespace_trimmed" time="0.138" /><testcase classname="backend.tests.test_iter32_qa_gate.TestControlLoginRotation" name="test_old_password_rejected" time="0.402" /><testcase classname="backend.tests.test_iter32_qa_gate.TestControlLoginRotation" name="test_new_password_accepted" time="0.373" /><testcase classname="backend.tests.test_iter32_qa_gate.TestRegression" name="test_vibes_endpoint_healthy" time="0.094" /><testcase classname="backend.tests.test_iter32_qa_gate.TestRegression" name="test_demo_login_still_works" time="0.100" /></testsuite></testsuites>