<?xml version="1.0" encoding="utf-8"?><testsuites name="pytest tests"><testsuite name="pytest" errors="0" failures="0" skipped="0" tests="7" time="2.432" timestamp="2026-08-19T02:46:02.302214+00:00" hostname="agent-env-f3c73295-65e4-451e-9f78-1c4dff4aca67"><testcase classname="backend.tests.test_iter45_plans.TestBillingConfig" name="test_public_user_cannot_purchase" time="0.660" /><testcase classname="backend.tests.test_iter45_plans.TestBillingConfig" name="test_demo_user_still_sandbox_eligible" time="0.514" /><testcase classname="backend.tests.test_iter45_plans.TestPlanInterest" name="test_plus_and_pro_interest_recorded_idempotently" time="0.541" /><testcase classname="backend.tests.test_iter45_plans.TestPlanInterest" name="test_invalid_plan_rejected" time="0.143" /><testcase classname="backend.tests.test_iter45_plans.TestPlanInterest" name="test_interest_grants_no_entitlement" time="0.264" /><testcase classname="backend.tests.test_iter45_plans.TestNoRadiusBypass" name="test_public_user_sandbox_purchase_blocked" time="0.133" /><testcase classname="backend.tests.test_iter45_plans.TestNoRadiusBypass" name="test_public_user_cannot_set_paid_radius" time="0.116" /></testsuite></testsuites>