<?xml version="1.0" encoding="utf-8"?><testsuites name="pytest tests"><testsuite name="pytest" errors="0" failures="0" skipped="0" tests="10" time="3.812" timestamp="2026-07-05T12:45:54.993823+00:00" hostname="agent-env-f3c73295-65e4-451e-9f78-1c4dff4aca67"><testcase classname="backend.tests.test_new_features.TestStateVisibility" name="test_visible_for_15_sets_expiry_15min_ahead" time="0.478" /><testcase classname="backend.tests.test_new_features.TestStateVisibility" name="test_quiet_mode_persists" time="0.256" /><testcase classname="backend.tests.test_new_features.TestStateVisibility" name="test_ping_generate_returns_null_when_quiet_mode" time="0.335" /><testcase classname="backend.tests.test_new_features.TestStateVisibility" name="test_trial_mode_active_persists" time="0.310" /><testcase classname="backend.tests.test_new_features.TestNearbyVerified" name="test_nearby_users_include_verified_and_active_now" time="0.326" /><testcase classname="backend.tests.test_new_features.TestTrialEvent" name="test_trial_returns_southbank_event" time="0.108" /><testcase classname="backend.tests.test_new_features.TestMetricsFeedbackAnalytics" name="test_metrics_has_11_counters" time="0.099" /><testcase classname="backend.tests.test_new_features.TestMetricsFeedbackAnalytics" name="test_feedback_increments_conversations_confirmed" time="0.294" /><testcase classname="backend.tests.test_new_features.TestMetricsFeedbackAnalytics" name="test_analytics_profile_view_increments" time="0.329" /><testcase classname="backend.tests.test_new_features.TestBlockEndsMeetup" name="test_block_ends_active_meetup" time="1.155" /></testsuite></testsuites>