<?xml version="1.0" encoding="utf-8"?><testsuites name="pytest tests"><testsuite name="pytest" errors="0" failures="1" skipped="0" tests="12" time="2.537" timestamp="2026-07-17T02:05:06.163359+00:00" hostname="agent-env-f3c73295-65e4-451e-9f78-1c4dff4aca67"><testcase classname="backend.tests.test_iter18_demo_env.TestDemoLogin" name="test_demo_login_returns_alex" time="0.510" /><testcase classname="backend.tests.test_iter18_demo_env.TestRadar" name="test_nearby_has_60_plus" time="0.056" /><testcase classname="backend.tests.test_iter18_demo_env.TestRadar" name="test_professionals_only_active_verified" time="0.058" /><testcase classname="backend.tests.test_iter18_demo_env.TestPings" name="test_persona_has_5_pending_and_mix" time="0.048" /><testcase classname="backend.tests.test_iter18_demo_env.TestPings" name="test_pings_include_accepted_and_declined" time="0.049" /><testcase classname="backend.tests.test_iter18_demo_env.TestNotifications" name="test_six_notifications_seeded" time="0.044" /><testcase classname="backend.tests.test_iter18_demo_env.TestProRequestsSana" name="test_sana_sees_matching_requests" time="0.100"><failure message="AssertionError: expected &gt;=2 HR requests for sana, got 1&#10;assert 1 &gt;= 2&#10; +  where 1 = len([{'id': '745f9914-1c8a-4b2f-aa91-2013ee09dba9', 'user_id': '3b8b7c18-585f-4f10-864e-74c5d4429b0d', 'category': 'HR', 'public_summary': 'Need help with a staff performance issue', ...}])">backend/tests/test_iter18_demo_env.py:144: in test_sana_sees_matching_requests
    assert len(reqs) &gt;= 2, f"expected &gt;=2 HR requests for sana, got {len(reqs)}"
E   AssertionError: expected &gt;=2 HR requests for sana, got 1
E   assert 1 &gt;= 2
E    +  where 1 = len([{'id': '745f9914-1c8a-4b2f-aa91-2013ee09dba9', 'user_id': '3b8b7c18-585f-4f10-864e-74c5d4429b0d', 'category': 'HR', 'public_summary': 'Need help with a staff performance issue', ...}])</failure></testcase><testcase classname="backend.tests.test_iter18_demo_env.TestAdmin" name="test_admin_verifications_has_all_statuses" time="0.057" /><testcase classname="backend.tests.test_iter18_demo_env.TestDemoReset" name="test_reset_restores_accepted_ping_back_to_pending" time="0.357" /><testcase classname="backend.tests.test_iter18_demo_env.TestProductionSafety" name="test_real_user_unaffected_by_reset_and_persona_undeletable" time="0.665" /><testcase classname="backend.tests.test_iter18_demo_env.TestRegression" name="test_email_password_login_still_works" time="0.263" /><testcase classname="backend.tests.test_iter18_demo_env.TestRegression" name="test_sana_still_sees_priya_request" time="0.225" /></testsuite></testsuites>