<?xml version="1.0" encoding="utf-8"?><testsuites name="pytest tests"><testsuite name="pytest" errors="0" failures="0" skipped="0" tests="15" time="2.628" timestamp="2026-07-07T12:27:43.353041+00:00" hostname="agent-env-f3c73295-65e4-451e-9f78-1c4dff4aca67"><testcase classname="backend.tests.test_iter4_global.TestPublicGlobalEndpoints" name="test_cities_returns_cities_and_zones" time="0.299" /><testcase classname="backend.tests.test_iter4_global.TestPublicGlobalEndpoints" name="test_communities_returns_list" time="0.138" /><testcase classname="backend.tests.test_iter4_global.TestPublicGlobalEndpoints" name="test_ambassador_returns_stats" time="0.144" /><testcase classname="backend.tests.test_iter4_global.TestPublicGlobalEndpoints" name="test_campus_returns_vibes" time="0.138" /><testcase classname="backend.tests.test_iter4_global.TestAuthedGlobalEndpoints" name="test_events_demo_requires_auth" time="0.099" /><testcase classname="backend.tests.test_iter4_global.TestAuthedGlobalEndpoints" name="test_events_demo_with_auth" time="0.219" /><testcase classname="backend.tests.test_iter4_global.TestAuthedGlobalEndpoints" name="test_trial_report" time="0.098" /><testcase classname="backend.tests.test_iter4_global.TestAuthedGlobalEndpoints" name="test_north_star" time="0.105" /><testcase classname="backend.tests.test_iter4_global.TestAuthedGlobalEndpoints" name="test_metrics_has_new_global_counters" time="0.146" /><testcase classname="backend.tests.test_iter4_global.TestWaitlist" name="test_waitlist_post_ok" time="0.143" /><testcase classname="backend.tests.test_iter4_global.TestWaitlist" name="test_waitlist_increments_metric" time="0.302" /><testcase classname="backend.tests.test_iter4_global.TestStateModeCityIntent" name="test_set_mode" time="0.191" /><testcase classname="backend.tests.test_iter4_global.TestStateModeCityIntent" name="test_set_city" time="0.097" /><testcase classname="backend.tests.test_iter4_global.TestStateModeCityIntent" name="test_set_intent" time="0.254" /><testcase classname="backend.tests.test_iter4_global.TestDemoAccountsFields" name="test_demo_accounts_have_city_mode_verified" time="0.192" /></testsuite></testsuites>