<?xml version="1.0" encoding="utf-8"?><testsuites name="pytest tests"><testsuite name="pytest" errors="0" failures="1" skipped="0" tests="26" time="5.553" timestamp="2026-07-19T12:53:28.387587+00:00" hostname="agent-env-f3c73295-65e4-451e-9f78-1c4dff4aca67"><testcase classname="backend.tests.test_control_center.TestAuth" name="test_qa_login_success" time="0.809" /><testcase classname="backend.tests.test_control_center.TestAuth" name="test_wrong_password_returns_401" time="0.315" /><testcase classname="backend.tests.test_control_center.TestAuth" name="test_unauthorized_no_token" time="0.094" /><testcase classname="backend.tests.test_control_center.TestAuth" name="test_bootstrap_must_change_password" time="0.493" /><testcase classname="backend.tests.test_control_center.TestDashboard" name="test_dashboard_demo" time="0.104" /><testcase classname="backend.tests.test_control_center.TestDashboard" name="test_dashboard_live_vs_demo" time="0.241" /><testcase classname="backend.tests.test_control_center.TestActivity" name="test_activity_30d" time="0.095" /><testcase classname="backend.tests.test_control_center.TestActivity" name="test_activity_category_filter" time="0.133" /><testcase classname="backend.tests.test_control_center.TestActivity" name="test_action_required" time="0.100" /><testcase classname="backend.tests.test_control_center.TestUsers" name="test_list_users_pagination" time="0.094" /><testcase classname="backend.tests.test_control_center.TestUsers" name="test_search_q" time="0.102" /><testcase classname="backend.tests.test_control_center.TestUsers" name="test_user_detail_and_timeline" time="0.303" /><testcase classname="backend.tests.test_control_center.TestUserActionsAndReauth" name="test_suspend_then_unsuspend" time="0.187"><failure message="assert 428 == 200&#10; +  where 428 = &lt;Response [428]&gt;.status_code">backend/tests/test_control_center.py:148: in test_suspend_then_unsuspend
    assert r1.status_code == 200
E   assert 428 == 200
E    +  where 428 = &lt;Response [428]&gt;.status_code</failure></testcase><testcase classname="backend.tests.test_control_center.TestUserActionsAndReauth" name="test_ban_requires_reauth_428" time="0.097" /><testcase classname="backend.tests.test_control_center.TestUserActionsAndReauth" name="test_reauth_then_ban_then_unban" time="0.560" /><testcase classname="backend.tests.test_control_center.TestUserActionsAndReauth" name="test_mode_isolation_demo_user_in_live" time="0.099" /><testcase classname="backend.tests.test_control_center.TestProfessionals" name="test_list_professionals" time="0.102" /><testcase classname="backend.tests.test_control_center.TestVerifications" name="test_verifications_approved" time="0.096" /><testcase classname="backend.tests.test_control_center.TestVerifications" name="test_verification_decision_renew" time="0.294" /><testcase classname="backend.tests.test_control_center.TestHelpRequests" name="test_list" time="0.097" /><testcase classname="backend.tests.test_control_center.TestHelpRequests" name="test_feature_unfeature" time="0.325" /><testcase classname="backend.tests.test_control_center.TestReports" name="test_list_pending" time="0.098" /><testcase classname="backend.tests.test_control_center.TestReports" name="test_ban_requires_reauth" time="0.189" /><testcase classname="backend.tests.test_control_center.TestAudit" name="test_audit_logs" time="0.119" /><testcase classname="backend.tests.test_control_center.TestSearch" name="test_search_sana" time="0.090" /><testcase classname="backend.tests.test_control_center.TestHelpRequestDelete" name="test_delete_requires_reauth" time="0.091" /></testsuite></testsuites>