<?xml version="1.0" encoding="utf-8"?><testsuites name="pytest tests"><testsuite name="pytest" errors="0" failures="0" skipped="1" tests="7" time="2.541" timestamp="2026-07-30T11:43:34.752706+00:00" hostname="agent-env-f3c73295-65e4-451e-9f78-1c4dff4aca67"><testcase classname="backend.tests.test_iter30_regression.TestRegisterMinPassword" name="test_short_password_rejected" time="0.208" /><testcase classname="backend.tests.test_iter30_regression.TestRegisterMinPassword" name="test_eight_char_ok" time="0.335" /><testcase classname="backend.tests.test_iter30_regression.TestPhotoUrlField" name="test_photo_url_accepted" time="0.211" /><testcase classname="backend.tests.test_iter30_regression.TestBannedWords" name="test_prof_connect_blocks_terms" time="0.665" /><testcase classname="backend.tests.test_iter30_regression.TestBannedWords" name="test_vibe_details_blocks_terms" time="0.635" /><testcase classname="backend.tests.test_iter30_regression.TestDismiss" name="test_dismiss_nonexistent_404" time="0.100" /><testcase classname="backend.tests.test_iter30_regression.TestDismiss" name="test_dismiss_not_recipient_404" time="0.317"><skipped type="pytest.skip" message="no pings available">/app/backend/tests/test_iter30_regression.py:91: no pings available</skipped></testcase></testsuite></testsuites>