<?xml version="1.0" encoding="utf-8"?><testsuites name="pytest tests"><testsuite name="pytest" errors="0" failures="0" skipped="0" tests="9" time="1.745" timestamp="2026-07-17T09:56:48.893541+00:00" hostname="agent-env-f3c73295-65e4-451e-9f78-1c4dff4aca67"><testcase classname="backend.tests.test_iter20_radar_ui.TestProfessionalsBearing" name="test_bearing_present_in_all_pros" time="0.280" /><testcase classname="backend.tests.test_iter20_radar_ui.TestProfessionalsBearing" name="test_bearing_used_only_when_present" time="0.109" /><testcase classname="backend.tests.test_iter20_radar_ui.TestProfessionalsBearing" name="test_only_verified_pros_listed" time="0.103" /><testcase classname="backend.tests.test_iter20_radar_ui.TestProfessionalsBearing" name="test_category_filter_still_works" time="0.110" /><testcase classname="backend.tests.test_iter20_radar_ui.TestProfessionalsBearing" name="test_available_now_filter_still_works" time="0.201" /><testcase classname="backend.tests.test_iter20_radar_ui.TestPreviewRequestHelp" name="test_pending_ping_created" time="0.294" /><testcase classname="backend.tests.test_iter20_radar_ui.TestPreviewRequestHelp" name="test_demo_reset_restores_state" time="0.205" /><testcase classname="backend.tests.test_iter20_radar_ui.TestCanHelpGating" name="test_sana_verified_sees_requests" time="0.180" /><testcase classname="backend.tests.test_iter20_radar_ui.TestCanHelpGating" name="test_jade_unverified_gated" time="0.188" /></testsuite></testsuites>