<?xml version="1.0" encoding="utf-8"?><testsuites name="pytest tests"><testsuite name="pytest" errors="0" failures="0" skipped="0" tests="10" time="3.068" timestamp="2026-08-26T11:32:50.088247+00:00" hostname="agent-env-f3c73295-65e4-451e-9f78-1c4dff4aca67"><testcase classname="backend.tests.test_iter54_prelaunch.TestEmailLinks" name="test_email_open_never_404" time="0.720" /><testcase classname="backend.tests.test_iter54_prelaunch.TestEmailLinks" name="test_verify_link_still_works_shape" time="0.104" /><testcase classname="backend.tests.test_iter54_prelaunch.TestDesktopVerification" name="test_link_flow_and_web_form" time="0.706" /><testcase classname="backend.tests.test_iter54_prelaunch.TestDesktopVerification" name="test_web_submit_same_queue" time="0.354" /><testcase classname="backend.tests.test_iter54_prelaunch.TestDesktopVerification" name="test_min_two_ids_enforced" time="0.153" /><testcase classname="backend.tests.test_iter54_prelaunch.TestDesktopVerification" name="test_legacy_submit_without_identity_docs_still_ok" time="0.138" /><testcase classname="backend.tests.test_iter54_prelaunch.TestAdminDocViewer" name="test_admin_views_document_and_audited" time="0.474" /><testcase classname="backend.tests.test_iter54_prelaunch.TestAdminDocViewer" name="test_normal_user_cannot_view_documents" time="0.125" /><testcase classname="backend.tests.test_iter54_prelaunch.TestProfileAndPings" name="test_display_name_saved" time="0.116" /><testcase classname="backend.tests.test_iter54_prelaunch.TestProfileAndPings" name="test_pings_have_in_range_flag" time="0.104" /></testsuite></testsuites>