<?xml version="1.0" encoding="utf-8"?><testsuites name="pytest tests"><testsuite name="pytest" errors="0" failures="0" skipped="0" tests="4" time="1.641" timestamp="2026-07-12T13:59:42.812063+00:00" hostname="agent-env-f3c73295-65e4-451e-9f78-1c4dff4aca67"><testcase classname="backend.tests.test_iter11_privacy_fix.TestNearbyPrivacy" name="test_kauri_nearby_regular_no_latlng" time="0.467" /><testcase classname="backend.tests.test_iter11_privacy_fix.TestNearbyPrivacy" name="test_kauri_nearby_high_density_no_latlng" time="0.398" /><testcase classname="backend.tests.test_iter11_privacy_fix.TestNearbyPrivacy" name="test_kauri_nearby_regular_user_flow" time="0.603" /><testcase classname="backend.tests.test_iter11_privacy_fix.TestNearbyRegression" name="test_nearby_shape" time="0.103" /></testsuite></testsuites>