<?xml version="1.0" encoding="utf-8"?><testsuites name="pytest tests"><testsuite name="pytest" errors="0" failures="0" skipped="0" tests="8" time="3.960" timestamp="2026-07-13T10:42:38.590932+00:00" hostname="agent-env-f3c73295-65e4-451e-9f78-1c4dff4aca67"><testcase classname="backend.tests.test_iter12_opportunity.TestVibesList" name="test_vibes_include_opportunity" time="0.226" /><testcase classname="backend.tests.test_iter12_opportunity.TestNearbyOpportunityUsers" name="test_five_opportunity_users_in_nearby" time="0.219" /><testcase classname="backend.tests.test_iter12_opportunity.TestNearbyOpportunityUsers" name="test_nearby_never_leaks_private_details" time="0.130" /><testcase classname="backend.tests.test_iter12_opportunity.TestNearbyOpportunityUsers" name="test_priya_public_summary_visible_in_nearby" time="0.147" /><testcase classname="backend.tests.test_iter12_opportunity.TestOpportunityLockUnlock" name="test_locked_before_match" time="0.270" /><testcase classname="backend.tests.test_iter12_opportunity.TestOpportunityLockUnlock" name="test_unlocked_after_match" time="0.366" /><testcase classname="backend.tests.test_iter12_opportunity.TestBannedTerms" name="test_banned_public_summary_rejected" time="0.100" /><testcase classname="backend.tests.test_iter12_opportunity.TestBannedTerms" name="test_normal_opportunity_details_saved" time="2.377" /></testsuite></testsuites>