<?xml version="1.0" encoding="utf-8"?><testsuites name="pytest tests"><testsuite name="pytest" errors="0" failures="0" skipped="1" tests="21" time="8.572" timestamp="2026-07-16T10:56:36.747895+00:00" hostname="agent-env-f3c73295-65e4-451e-9f78-1c4dff4aca67"><testcase classname="backend.tests.test_iter14_professional.TestBasics" name="test_config_professional_enabled" time="0.194" /><testcase classname="backend.tests.test_iter14_professional.TestBasics" name="test_vibes_no_opportunity_visible" time="0.090" /><testcase classname="backend.tests.test_iter14_professional.TestPriyaLifecycle" name="test_priya_has_seeded_request_and_full_crud" time="2.182" /><testcase classname="backend.tests.test_iter14_professional.TestPriyaLifecycle" name="test_invalid_category" time="0.099" /><testcase classname="backend.tests.test_iter14_professional.TestSanaProfessional" name="test_sana_sees_priya_request_and_category_matching" time="0.093" /><testcase classname="backend.tests.test_iter14_professional.TestSanaProfessional" name="test_no_gps_leak" time="0.095" /><testcase classname="backend.tests.test_iter14_professional.TestSanaProfessional" name="test_sana_offer_flow_and_private_unlock" time="0.836" /><testcase classname="backend.tests.test_iter14_professional.TestJadeAndAdmin" name="test_jade_profile_masked" time="0.202" /><testcase classname="backend.tests.test_iter14_professional.TestJadeAndAdmin" name="test_jade_can_still_see_requests" time="0.088" /><testcase classname="backend.tests.test_iter14_professional.TestJadeAndAdmin" name="test_jade_submit_and_admin_actions" time="1.383" /><testcase classname="backend.tests.test_iter14_professional.TestModeSwitch" name="test_put_users_me_mode_persists" time="0.185"><skipped type="pytest.skip" message="BUG: /auth/me does not surface app_mode — public_user needs app_mode+professional_role fields">/app/backend/tests/test_iter14_professional.py:329: BUG: /auth/me does not surface app_mode — public_user needs app_mode+professional_role fields</skipped></testcase><testcase classname="backend.tests.test_iter14_professional.TestProfessionalsFilters" name="test_professionals_listing_and_sort" time="0.093" /><testcase classname="backend.tests.test_iter14_professional.TestProfessionalsFilters" name="test_professionals_verified_only_filter" time="0.096" /><testcase classname="backend.tests.test_iter14_professional.TestProfessionalsFilters" name="test_professionals_category_filter" time="0.104" /><testcase classname="backend.tests.test_iter14_professional.TestSafetyAndEdgeCases" name="test_decline_flow" time="0.825" /><testcase classname="backend.tests.test_iter14_professional.TestSafetyAndEdgeCases" name="test_block_hides_request_and_offers" time="0.569" /><testcase classname="backend.tests.test_iter14_professional.TestSafetyAndEdgeCases" name="test_reports_endpoint_from_professional_context" time="0.374" /><testcase classname="backend.tests.test_iter14_professional.TestPeopleModeRegression" name="test_login_kauri" time="0.359" /><testcase classname="backend.tests.test_iter14_professional.TestPeopleModeRegression" name="test_register_delete_fresh_account" time="0.410" /><testcase classname="backend.tests.test_iter14_professional.TestPeopleModeRegression" name="test_demo_delete_403" time="0.089" /><testcase classname="backend.tests.test_iter14_professional.TestPeopleModeRegression" name="test_nearby_returns_people" time="0.109" /></testsuite></testsuites>