<?xml version="1.0" encoding="utf-8"?><testsuites name="pytest tests"><testsuite name="pytest" errors="0" failures="0" skipped="0" tests="13" time="8.619" timestamp="2026-07-30T19:24:10.713891+00:00" hostname="agent-env-f3c73295-65e4-451e-9f78-1c4dff4aca67"><testcase classname="backend.tests.test_email_prod_cutover" name="test_preview_welcome" time="0.690" /><testcase classname="backend.tests.test_email_prod_cutover" name="test_preview_help_request_received" time="0.119" /><testcase classname="backend.tests.test_email_prod_cutover" name="test_preview_booking_confirmed" time="0.146" /><testcase classname="backend.tests.test_email_prod_cutover" name="test_preview_password_reset_no_fallback" time="0.162" /><testcase classname="backend.tests.test_email_prod_cutover" name="test_live_send_booking_confirmed" time="0.422" /><testcase classname="backend.tests.test_email_prod_cutover" name="test_resend_api_lookup" time="2.291" /><testcase classname="backend.tests.test_email_prod_cutover" name="test_prod_logo_asset" time="0.989" /><testcase classname="backend.tests.test_email_prod_cutover" name="test_prod_verify_bad_token" time="0.186" /><testcase classname="backend.tests.test_email_prod_cutover" name="test_prod_unsubscribe_bad_token" time="0.146" /><testcase classname="backend.tests.test_email_prod_cutover" name="test_forgot_password_password_reset" time="2.650" /><testcase classname="backend.tests.test_email_prod_cutover" name="test_password_reset_event_has_code_box" time="0.120" /><testcase classname="backend.tests.test_email_prod_cutover" name="test_get_email_preferences" time="0.131" /><testcase classname="backend.tests.test_email_prod_cutover" name="test_get_vibes" time="0.354" /></testsuite></testsuites>