<?xml version="1.0" encoding="utf-8"?><testsuites name="pytest tests"><testsuite name="pytest" errors="0" failures="0" skipped="0" tests="23" time="7.095" timestamp="2026-07-19T13:14:11.117882+00:00" hostname="agent-env-f3c73295-65e4-451e-9f78-1c4dff4aca67"><testcase classname="backend.tests.test_iter22_control_phase2.TestConnections" name="test_pending" time="0.456" /><testcase classname="backend.tests.test_iter22_control_phase2.TestConnections" name="test_status_filters[accepted]" time="0.105" /><testcase classname="backend.tests.test_iter22_control_phase2.TestConnections" name="test_status_filters[rejected]" time="0.100" /><testcase classname="backend.tests.test_iter22_control_phase2.TestConnections" name="test_status_filters[expired]" time="0.089" /><testcase classname="backend.tests.test_iter22_control_phase2.TestChats" name="test_list_conversations" time="0.098" /><testcase classname="backend.tests.test_iter22_control_phase2.TestChats" name="test_view_messages_audits" time="0.696" /><testcase classname="backend.tests.test_iter22_control_phase2.TestRadarInsights" name="test_people" time="0.101" /><testcase classname="backend.tests.test_iter22_control_phase2.TestRadarInsights" name="test_professional" time="0.111" /><testcase classname="backend.tests.test_iter22_control_phase2.TestNotifications" name="test_send_professionals" time="0.119" /><testcase classname="backend.tests.test_iter22_control_phase2.TestNotifications" name="test_delivered_notifications_persisted" time="0.113" /><testcase classname="backend.tests.test_iter22_control_phase2.TestNotifications" name="test_city_requires_city" time="0.092" /><testcase classname="backend.tests.test_iter22_control_phase2.TestNotifications" name="test_scheduled_appears_in_queue" time="0.303" /><testcase classname="backend.tests.test_iter22_control_phase2.TestAnalytics" name="test_analytics_shape" time="0.106" /><testcase classname="backend.tests.test_iter22_control_phase2.TestFeatureFlags" name="test_defaults" time="0.095" /><testcase classname="backend.tests.test_iter22_control_phase2.TestFeatureFlags" name="test_non_emergency_no_reauth" time="0.193" /><testcase classname="backend.tests.test_iter22_control_phase2.TestFeatureFlags" name="test_maintenance_requires_reauth" time="0.919" /><testcase classname="backend.tests.test_iter22_control_phase2.TestEnforcement" name="test_help_requests_gate" time="0.624" /><testcase classname="backend.tests.test_iter22_control_phase2.TestEnforcement" name="test_maintenance_blocks_registration" time="0.725" /><testcase classname="backend.tests.test_iter22_control_phase2.TestEnforcement" name="test_connections_gate" time="0.304" /><testcase classname="backend.tests.test_iter22_control_phase2.TestAppConfig" name="test_get_config" time="0.092" /><testcase classname="backend.tests.test_iter22_control_phase2.TestAppConfig" name="test_update_config_and_audit" time="0.190" /><testcase classname="backend.tests.test_iter22_control_phase2.TestSystemHealth" name="test_health" time="0.097" /><testcase classname="backend.tests.test_iter22_control_phase2.TestAuditsConsolidated" name="test_all_actions_present" time="1.296" /></testsuite></testsuites>