<?xml version="1.0" encoding="utf-8"?><testsuites name="pytest tests"><testsuite name="pytest" errors="0" failures="0" skipped="0" tests="22" time="5.575" timestamp="2026-07-04T10:11:17.445501+00:00" hostname="agent-env-f3c73295-65e4-451e-9f78-1c4dff4aca67"><testcase classname="backend.tests.backend_test" name="test_root" time="0.334" /><testcase classname="backend.tests.backend_test.TestAuth" name="test_demo_login_empty_body_is_kauri" time="0.042" /><testcase classname="backend.tests.backend_test.TestAuth" name="test_demo_login_by_email" time="0.084" /><testcase classname="backend.tests.backend_test.TestAuth" name="test_demo_login_unknown_email" time="0.045" /><testcase classname="backend.tests.backend_test.TestAuth" name="test_register_rejects_under_18" time="0.081" /><testcase classname="backend.tests.backend_test.TestAuth" name="test_register_and_login_18plus" time="0.813" /><testcase classname="backend.tests.backend_test.TestAuth" name="test_me_requires_token" time="0.042" /><testcase classname="backend.tests.backend_test.TestAuth" name="test_me_returns_current" time="0.094" /><testcase classname="backend.tests.backend_test.TestReferenceData" name="test_vibes" time="0.041" /><testcase classname="backend.tests.backend_test.TestReferenceData" name="test_demo_accounts" time="0.041" /><testcase classname="backend.tests.backend_test.TestNearby" name="test_nearby_radius_50_kauri_networking" time="0.194" /><testcase classname="backend.tests.backend_test.TestNearby" name="test_nearby_radius_100_reveals_ryan_emily" time="0.188" /><testcase classname="backend.tests.backend_test.TestNearby" name="test_radius_clamped_to_100_max" time="0.123" /><testcase classname="backend.tests.backend_test.TestNearby" name="test_radius_10_returns_zero_users" time="0.291" /><testcase classname="backend.tests.backend_test.TestPings" name="test_generate_ping_closest_compatible" time="0.849" /><testcase classname="backend.tests.backend_test.TestPings" name="test_generate_ping_within_2min_skips_same_user" time="0.094" /><testcase classname="backend.tests.backend_test.TestPings" name="test_list_pings" time="0.094" /><testcase classname="backend.tests.backend_test.TestPings" name="test_dismiss_ping" time="0.181" /><testcase classname="backend.tests.backend_test.TestPings" name="test_accept_ping_creates_match" time="0.190" /><testcase classname="backend.tests.backend_test.TestMatchesMeetups" name="test_create_match_and_meetup_flow" time="0.492" /><testcase classname="backend.tests.backend_test.TestEncounters" name="test_encounters_lists_demo_with_compat" time="0.201" /><testcase classname="backend.tests.backend_test.TestBlocksReports" name="test_block_hides_user_from_nearby_and_pings" time="0.964" /></testsuite></testsuites>