<?xml version="1.0" encoding="utf-8"?><testsuites name="pytest tests"><testsuite name="pytest" errors="0" failures="0" skipped="0" tests="23" time="3.308" timestamp="2026-08-05T23:57:22.093828+00:00" hostname="agent-env-f3c73295-65e4-451e-9f78-1c4dff4aca67"><testcase classname="backend.tests.test_iter36_photo_demo_mode.TestPhotoPipeline" name="test_add_jpeg_photo_succeeds" time="0.463" /><testcase classname="backend.tests.test_iter36_photo_demo_mode.TestPhotoPipeline" name="test_add_png_photo_succeeds" time="0.054" /><testcase classname="backend.tests.test_iter36_photo_demo_mode.TestPhotoPipeline" name="test_reject_file_uri" time="0.041" /><testcase classname="backend.tests.test_iter36_photo_demo_mode.TestPhotoPipeline" name="test_reject_bogus_jpeg_payload" time="0.041" /><testcase classname="backend.tests.test_iter36_photo_demo_mode.TestPhotoPipeline" name="test_reject_gif" time="0.043" /><testcase classname="backend.tests.test_iter36_photo_demo_mode.TestPhotoPipeline" name="test_photo_limit_max_6" time="0.256" /><testcase classname="backend.tests.test_iter36_photo_demo_mode.TestPhotoPipeline" name="test_delete_photo_by_index" time="0.044" /><testcase classname="backend.tests.test_iter36_photo_demo_mode.TestPhotoPipeline" name="test_put_users_me_validates_photos" time="0.044" /><testcase classname="backend.tests.test_iter36_photo_demo_mode.TestDemoAssets" name="test_get_kauri_asset" time="0.111" /><testcase classname="backend.tests.test_iter36_photo_demo_mode.TestDemoAssets" name="test_traversal_blocked" time="0.043" /><testcase classname="backend.tests.test_iter36_photo_demo_mode.TestDemoAssets" name="test_demo_mode_status_public" time="0.043" /><testcase classname="backend.tests.test_iter36_photo_demo_mode.TestDemoIsolation" name="test_real_user_sees_demo_users_when_enabled" time="0.050" /><testcase classname="backend.tests.test_iter36_photo_demo_mode.TestDemoIsolation" name="test_demo_user_never_sees_real_users" time="0.096" /><testcase classname="backend.tests.test_iter36_photo_demo_mode.TestDemoIsolation" name="test_real_user_cannot_connect_to_demo" time="0.141" /><testcase classname="backend.tests.test_iter36_photo_demo_mode.TestControlDemoMode" name="test_status_counts" time="0.307" /><testcase classname="backend.tests.test_iter36_photo_demo_mode.TestControlDemoMode" name="test_seed_idempotent" time="0.235" /><testcase classname="backend.tests.test_iter36_photo_demo_mode.TestControlDemoMode" name="test_toggle_demo_mode_hides_demo_from_real" time="0.634" /><testcase classname="backend.tests.test_iter36_photo_demo_mode.TestControlDemoMode" name="test_manifest" time="0.057" /><testcase classname="backend.tests.test_iter36_photo_demo_mode.TestAnalyticsDemoTag" name="test_analytics_from_demo_user" time="0.044" /><testcase classname="backend.tests.test_iter36_photo_demo_mode.TestRegressionSmoke" name="test_demo_login" time="0.041" /><testcase classname="backend.tests.test_iter36_photo_demo_mode.TestRegressionSmoke" name="test_policies" time="0.043" /><testcase classname="backend.tests.test_iter36_photo_demo_mode.TestRegressionSmoke" name="test_professionals_list" time="0.078" /><testcase classname="backend.tests.test_iter36_photo_demo_mode.TestRegressionSmoke" name="test_help_requests" time="0.310" /></testsuite></testsuites>