<?xml version="1.0" encoding="utf-8"?><testsuites name="pytest tests"><testsuite name="pytest" errors="0" failures="0" skipped="0" tests="7" time="16.031" timestamp="2026-07-29T14:01:52.428519+00:00" hostname="agent-env-f3c73295-65e4-451e-9f78-1c4dff4aca67"><testcase classname="backend.tests.test_iter26b_resend_fix.TestResendFixCore" name="test_admin_test_send_welcome_delivered" time="0.772" /><testcase classname="backend.tests.test_iter26b_resend_fix.TestRegistrationLiveSends" name="test_verify_and_welcome_both_sent" time="6.370" /><testcase classname="backend.tests.test_iter26b_resend_fix.TestForgotPasswordLive" name="test_forgot_password_event_sent" time="5.333" /><testcase classname="backend.tests.test_iter26b_resend_fix.TestStatsAndScheduler" name="test_stats_recent_and_counts" time="0.077" /><testcase classname="backend.tests.test_iter26b_resend_fix.TestRegression" name="test_templates_still_56" time="0.067" /><testcase classname="backend.tests.test_iter26b_resend_fix.TestRegression" name="test_demo_login_works" time="0.062" /><testcase classname="backend.tests.test_iter26b_resend_fix.TestRegression" name="test_demo_login_creates_no_email_events" time="3.172" /></testsuite></testsuites>