<?xml version="1.0" encoding="utf-8"?><testsuites name="pytest tests"><testsuite name="pytest" errors="0" failures="0" skipped="0" tests="20" time="13.485" timestamp="2026-07-16T14:51:23.645430+00:00" hostname="agent-env-f3c73295-65e4-451e-9f78-1c4dff4aca67"><testcase classname="backend.tests.test_iter17_verification_v2.TestConfig" name="test_professions_map_present" time="1.085" /><testcase classname="backend.tests.test_iter17_verification_v2.TestSubmitValidation" name="test_invalid_profession_400" time="0.557" /><testcase classname="backend.tests.test_iter17_verification_v2.TestSubmitValidation" name="test_empty_categories_400" time="0.566" /><testcase classname="backend.tests.test_iter17_verification_v2.TestSubmitValidation" name="test_categories_filtered_to_profession" time="0.545" /><testcase classname="backend.tests.test_iter17_verification_v2.TestSubmitValidation" name="test_zero_documents_400" time="0.523" /><testcase classname="backend.tests.test_iter17_verification_v2.TestSubmitValidation" name="test_over_ten_documents_400" time="0.551" /><testcase classname="backend.tests.test_iter17_verification_v2.TestSubmitValidation" name="test_bad_file_type_400" time="0.530" /><testcase classname="backend.tests.test_iter17_verification_v2.TestSubmitSuccess" name="test_submit_supersede_and_notification" time="0.823" /><testcase classname="backend.tests.test_iter17_verification_v2.TestStatusV2" name="test_sana_verified_fields" time="0.134" /><testcase classname="backend.tests.test_iter17_verification_v2.TestExpiryAutomation" name="test_expiring_soon_and_reminder_dedupe" time="1.111" /><testcase classname="backend.tests.test_iter17_verification_v2.TestExpiryAutomation" name="test_past_expiry_auto_flips_and_blocks" time="1.504" /><testcase classname="backend.tests.test_iter17_verification_v2.TestAdmin" name="test_admin_list_includes_metadata" time="0.130" /><testcase classname="backend.tests.test_iter17_verification_v2.TestAdmin" name="test_non_admin_document_403" time="0.572" /><testcase classname="backend.tests.test_iter17_verification_v2.TestAdmin" name="test_admin_document_reveal" time="0.672" /><testcase classname="backend.tests.test_iter17_verification_v2.TestAdmin" name="test_audit_history_chain" time="1.338" /><testcase classname="backend.tests.test_iter17_verification_v2.TestCategoryRestrictions" name="test_sana_can_offer_on_hr_but_not_technology" time="2.041" /><testcase classname="backend.tests.test_iter17_verification_v2.TestCategoryRestrictions" name="test_jade_unverified_403_on_any_offer" time="0.133" /><testcase classname="backend.tests.test_iter17_verification_v2.TestCategoryRestrictions" name="test_pro_profile_category_gate" time="0.322" /><testcase classname="backend.tests.test_iter17_verification_v2.TestPublicProfile" name="test_sana_public_profile" time="0.104" /><testcase classname="backend.tests.test_iter17_verification_v2.TestPublicProfile" name="test_professionals_list_only_verified" time="0.105" /></testsuite></testsuites>