<?xml version="1.0" encoding="utf-8"?><testsuites name="pytest tests"><testsuite name="pytest" errors="0" failures="0" skipped="0" tests="26" time="8.305" timestamp="2026-07-21T14:38:19.312029+00:00" hostname="agent-env-f3c73295-65e4-451e-9f78-1c4dff4aca67"><testcase classname="backend.tests.test_iter25_professional_flow.TestConnectRequests" name="test_self_connect_400" time="2.767" /><testcase classname="backend.tests.test_iter25_professional_flow.TestConnectRequests" name="test_unverified_target_404" time="0.106" /><testcase classname="backend.tests.test_iter25_professional_flow.TestConnectRequests" name="test_create_pending_is_idempotent" time="0.257" /><testcase classname="backend.tests.test_iter25_professional_flow.TestListRequests" name="test_alex_sent_contains_sana" time="0.110" /><testcase classname="backend.tests.test_iter25_professional_flow.TestListRequests" name="test_sana_received_contains_alex" time="0.118" /><testcase classname="backend.tests.test_iter25_professional_flow.TestAcceptDecline" name="test_accept_creates_session_and_idempotent" time="0.406" /><testcase classname="backend.tests.test_iter25_professional_flow.TestAcceptDecline" name="test_decline_by_new_request" time="1.442" /><testcase classname="backend.tests.test_iter25_professional_flow.TestAcceptDecline" name="test_accept_requires_verified_pro" time="0.000" /><testcase classname="backend.tests.test_iter25_professional_flow.TestSessionsMessaging" name="test_alex_sessions_include_dev" time="0.140" /><testcase classname="backend.tests.test_iter25_professional_flow.TestSessionsMessaging" name="test_message_send_participant_ok" time="0.126" /><testcase classname="backend.tests.test_iter25_professional_flow.TestSessionsMessaging" name="test_message_non_participant_403" time="0.101" /><testcase classname="backend.tests.test_iter25_professional_flow.TestSessionsMessaging" name="test_status_transition_active_to_follow_up_to_completed" time="0.346" /><testcase classname="backend.tests.test_iter25_professional_flow.TestSessionsMessaging" name="test_message_after_completed_403" time="0.100" /><testcase classname="backend.tests.test_iter25_professional_flow.TestSessionsMessaging" name="test_completed_session_cannot_reopen" time="0.099" /><testcase classname="backend.tests.test_iter25_professional_flow.TestReviews" name="test_review_only_requester" time="0.120" /><testcase classname="backend.tests.test_iter25_professional_flow.TestReviews" name="test_rating_out_of_range" time="0.103" /><testcase classname="backend.tests.test_iter25_professional_flow.TestReviews" name="test_valid_review_and_no_duplicate" time="0.231" /><testcase classname="backend.tests.test_iter25_professional_flow.TestReviews" name="test_professional_rating_aggregates" time="0.296" /><testcase classname="backend.tests.test_iter25_professional_flow.TestProfessionalsFilters" name="test_categories_filter" time="0.135" /><testcase classname="backend.tests.test_iter25_professional_flow.TestProfessionalsFilters" name="test_available_now" time="0.131" /><testcase classname="backend.tests.test_iter25_professional_flow.TestProfessionalsFilters" name="test_sort_rating" time="0.140" /><testcase classname="backend.tests.test_iter25_professional_flow.TestProfessionalsFilters" name="test_sort_response_and_nearest" time="0.284" /><testcase classname="backend.tests.test_iter25_professional_flow.TestPeopleModeRegression" name="test_nearby" time="0.130" /><testcase classname="backend.tests.test_iter25_professional_flow.TestPeopleModeRegression" name="test_pings" time="0.143" /><testcase classname="backend.tests.test_iter25_professional_flow.TestPeopleModeRegression" name="test_encounters" time="0.124" /><testcase classname="backend.tests.test_iter25_professional_flow.TestPeopleModeRegression" name="test_people_connect_request" time="0.255" /></testsuite></testsuites>