<?xml version="1.0" encoding="utf-8"?><testsuites name="pytest tests"><testsuite name="pytest" errors="0" failures="0" skipped="2" tests="53" time="10.597" timestamp="2026-08-23T04:30:37.670089+00:00" hostname="agent-env-f3c73295-65e4-451e-9f78-1c4dff4aca67"><testcase classname="backend.tests.test_control_center.TestAuth" name="test_qa_login_success" time="0.691" /><testcase classname="backend.tests.test_control_center.TestAuth" name="test_wrong_password_returns_401" time="0.324" /><testcase classname="backend.tests.test_control_center.TestAuth" name="test_unauthorized_no_token" time="0.106" /><testcase classname="backend.tests.test_control_center.TestAuth" name="test_bootstrap_must_change_password" time="0.098"><skipped type="pytest.skip" message="bootstrap admin has rotated their password (owner completed first-login change)">/app/backend/tests/test_control_center.py:52: bootstrap admin has rotated their password (owner completed first-login change)</skipped></testcase><testcase classname="backend.tests.test_control_center.TestDashboard" name="test_dashboard_demo" time="0.107" /><testcase classname="backend.tests.test_control_center.TestDashboard" name="test_dashboard_live_vs_demo" time="0.220" /><testcase classname="backend.tests.test_control_center.TestActivity" name="test_activity_30d" time="0.106" /><testcase classname="backend.tests.test_control_center.TestActivity" name="test_activity_category_filter" time="0.101" /><testcase classname="backend.tests.test_control_center.TestActivity" name="test_action_required" time="0.107" /><testcase classname="backend.tests.test_control_center.TestUsers" name="test_list_users_pagination" time="0.116" /><testcase classname="backend.tests.test_control_center.TestUsers" name="test_search_q" time="0.111" /><testcase classname="backend.tests.test_control_center.TestUsers" name="test_user_detail_and_timeline" time="0.350" /><testcase classname="backend.tests.test_control_center.TestUserActionsAndReauth" name="test_suspend_then_unsuspend" time="0.326" /><testcase classname="backend.tests.test_control_center.TestUserActionsAndReauth" name="test_ban_requires_reauth_428" time="0.111" /><testcase classname="backend.tests.test_control_center.TestUserActionsAndReauth" name="test_reauth_then_ban_then_unban" time="0.556" /><testcase classname="backend.tests.test_control_center.TestUserActionsAndReauth" name="test_mode_isolation_demo_user_in_live" time="0.106" /><testcase classname="backend.tests.test_control_center.TestProfessionals" name="test_list_professionals" time="0.104" /><testcase classname="backend.tests.test_control_center.TestVerifications" name="test_verifications_approved" time="0.110" /><testcase classname="backend.tests.test_control_center.TestVerifications" name="test_verification_decision_renew" time="0.331" /><testcase classname="backend.tests.test_control_center.TestHelpRequests" name="test_list" time="0.107" /><testcase classname="backend.tests.test_control_center.TestHelpRequests" name="test_feature_unfeature" time="0.310" /><testcase classname="backend.tests.test_control_center.TestReports" name="test_list_pending" time="0.103" /><testcase classname="backend.tests.test_control_center.TestReports" name="test_ban_requires_reauth" time="0.104"><skipped type="pytest.skip" message="No pending reports to action">/app/backend/tests/test_control_center.py:251: No pending reports to action</skipped></testcase><testcase classname="backend.tests.test_control_center.TestAudit" name="test_audit_logs" time="0.104" /><testcase classname="backend.tests.test_control_center.TestSearch" name="test_search_sana" time="0.108" /><testcase classname="backend.tests.test_control_center.TestHelpRequestDelete" name="test_delete_requires_reauth" time="0.155" /><testcase classname="backend.tests.test_iter46_demo_data.TestDemoSchema" name="test_all_demo_users_stamped_v2" time="0.004" /><testcase classname="backend.tests.test_iter46_demo_data.TestDemoSchema" name="test_no_real_user_touched" time="0.001" /><testcase classname="backend.tests.test_iter46_demo_data.TestDemoSchema" name="test_no_duplicate_demo_emails" time="0.001" /><testcase classname="backend.tests.test_iter46_demo_data.TestDemoSchema" name="test_dob_age_consistent_and_adult" time="0.001" /><testcase classname="backend.tests.test_iter46_demo_data.TestPrimaryProfiles" name="test_primary_standard" time="0.002" /><testcase classname="backend.tests.test_iter46_demo_data.TestPrimaryProfiles" name="test_photos_are_demo_assets" time="0.002" /><testcase classname="backend.tests.test_iter46_demo_data.TestPrimaryProfiles" name="test_mutual_interests_exist" time="0.001" /><testcase classname="backend.tests.test_iter46_demo_data.TestCrowdAndFixtures" name="test_no_legacy_repetitive_interests" time="0.001" /><testcase classname="backend.tests.test_iter46_demo_data.TestCrowdAndFixtures" name="test_radar_crowd_enriched" time="0.001" /><testcase classname="backend.tests.test_iter46_demo_data.TestCrowdAndFixtures" name="test_intentional_incomplete_fixtures_tagged" time="0.001" /><testcase classname="backend.tests.test_iter46_demo_data.TestCrowdAndFixtures" name="test_age_spread_supports_filter" time="0.001" /><testcase classname="backend.tests.test_iter46_demo_data.TestProfessionalReviewStates" name="test_representative_annual_review_states" time="0.000" /><testcase classname="backend.tests.test_iter46_demo_data.TestProfessionalReviewStates" name="test_all_verification_lifecycle_states_present" time="0.000" /><testcase classname="backend.tests.test_iter46_demo_data.TestIdempotentSeed" name="test_demo_reset_no_duplicates" time="0.653" /><testcase classname="backend.tests.test_iter47_security.TestNoPublicPrivateData" name="test_nearby_entries_expose_no_private_fields" time="0.433" /><testcase classname="backend.tests.test_iter47_security.TestNoPublicPrivateData" name="test_person_deep_link_expose_no_private_fields" time="0.224" /><testcase classname="backend.tests.test_iter47_security.TestNoPublicPrivateData" name="test_pings_expose_no_private_fields" time="0.151" /><testcase classname="backend.tests.test_iter47_security.TestNoPublicPrivateData" name="test_professionals_expose_no_private_fields" time="0.133" /><testcase classname="backend.tests.test_iter47_security.TestNoPublicPrivateData" name="test_own_account_returns_own_email_only" time="0.452" /><testcase classname="backend.tests.test_iter47_security.TestLocationPrivacy" name="test_real_user_distance_bearing_quantized" time="0.447" /><testcase classname="backend.tests.test_iter47_security.TestSessionRevocation" name="test_logout_all_revokes_old_token" time="1.050" /><testcase classname="backend.tests.test_iter47_security.TestSessionRevocation" name="test_banned_user_token_rejected" time="0.538" /><testcase classname="backend.tests.test_iter47_security.TestSessionRevocation" name="test_deleted_user_token_rejected" time="0.430" /><testcase classname="backend.tests.test_iter47_security.TestAgeGate" name="test_under_18_registration_blocked" time="0.099" /><testcase classname="backend.tests.test_iter47_security.TestAgeGate" name="test_future_dob_blocked" time="0.098" /><testcase classname="backend.tests.test_iter47_security.TestDeepLinkProfile" name="test_profile_loads_by_id_without_nearby_visit" time="0.613" /><testcase classname="backend.tests.test_iter47_security.TestDeepLinkProfile" name="test_blocked_or_missing_profile_404" time="0.101" /></testsuite></testsuites>