<?xml version="1.0" encoding="utf-8"?><testsuites name="pytest tests"><testsuite name="pytest" errors="0" failures="0" skipped="0" tests="11" time="3.122" timestamp="2026-07-09T01:39:20.349636+00:00" hostname="agent-env-f3c73295-65e4-451e-9f78-1c4dff4aca67"><testcase classname="backend.tests.test_iter5_vibe_details.TestVibeDetailsPersistence" name="test_put_vibe_details_persists_and_returns_in_auth_me" time="0.495" /><testcase classname="backend.tests.test_iter5_vibe_details.TestVibeDetailsPersistence" name="test_restore_kauri_details" time="0.102" /><testcase classname="backend.tests.test_iter5_vibe_details.TestNearbyVibeDetails" name="test_nearby_returns_vibe_detail_fields_and_max_100m" time="0.101" /><testcase classname="backend.tests.test_iter5_vibe_details.TestNearbyVibeDetails" name="test_sarah_ranks_first_and_has_career_advice_reason" time="0.111" /><testcase classname="backend.tests.test_iter5_vibe_details.TestNearbyVibeDetails" name="test_olivia_has_hiring_reason" time="0.101" /><testcase classname="backend.tests.test_iter5_vibe_details.TestRecruiterPrivacy" name="test_show_recruiters_false_hides_olivia" time="0.220" /><testcase classname="backend.tests.test_iter5_vibe_details.TestRecruiterPrivacy" name="test_reset_show_recruiters_true" time="0.203" /><testcase classname="backend.tests.test_iter5_vibe_details.TestVibeDetailsVisibility" name="test_james_hidden_visibility_masks_details_for_others" time="0.345" /><testcase classname="backend.tests.test_iter5_vibe_details.TestVibeDetailsVisibility" name="test_reset_james_visibility_public" time="0.102" /><testcase classname="backend.tests.test_iter5_vibe_details.TestSavedForLater" name="test_full_save_cycle" time="0.940" /><testcase classname="backend.tests.test_iter5_vibe_details.TestPingPayload" name="test_pings_include_reason_context_intent" time="0.318" /></testsuite></testsuites>