<?xml version="1.0" encoding="utf-8"?><testsuites name="pytest tests"><testsuite name="pytest" errors="0" failures="0" skipped="0" tests="7" time="2.539" timestamp="2026-08-18T01:58:33.181268+00:00" hostname="agent-env-f3c73295-65e4-451e-9f78-1c4dff4aca67"><testcase classname="backend.tests.test_iter44_buttons.TestBannedTermsWordBoundary" name="test_something_serious_is_allowed" time="0.512" /><testcase classname="backend.tests.test_iter44_buttons.TestBannedTermsWordBoundary" name="test_other_innocent_substrings_allowed" time="0.486" /><testcase classname="backend.tests.test_iter44_buttons.TestBannedTermsWordBoundary" name="test_real_banned_words_still_blocked" time="0.375" /><testcase classname="backend.tests.test_iter44_buttons.TestVibeDetailsPersistence" name="test_save_persists_and_survives_relogin" time="0.678" /><testcase classname="backend.tests.test_iter44_buttons.TestVibeDetailsPersistence" name="test_empty_values_stripped" time="0.196" /><testcase classname="backend.tests.test_iter44_buttons.TestHelpRequestBannedCheck" name="test_help_request_with_something_allowed" time="0.123" /><testcase classname="backend.tests.test_iter44_buttons.TestHelpRequestBannedCheck" name="test_help_request_banned_still_blocked" time="0.111" /></testsuite></testsuites>