<?xml version="1.0" encoding="utf-8"?><testsuites name="pytest tests"><testsuite name="pytest" errors="0" failures="0" skipped="0" tests="10" time="7.408" timestamp="2026-08-17T13:27:32.858677+00:00" hostname="agent-env-f3c73295-65e4-451e-9f78-1c4dff4aca67"><testcase classname="backend.tests.test_iter43_email_gate_extra" name="test_verification_status_is_gated" time="0.567" /><testcase classname="backend.tests.test_iter43_email_gate_extra" name="test_email_preferences_allowed_while_unverified" time="0.496" /><testcase classname="backend.tests.test_iter43_email_gate_extra" name="test_account_deletion_not_gated_for_unverified" time="0.716" /><testcase classname="backend.tests.test_iter43_email_gate_extra" name="test_resend_exact_five_then_429" time="1.382" /><testcase classname="backend.tests.test_iter43_email_gate_extra" name="test_change_unverified_consumes_same_bucket" time="1.111" /><testcase classname="backend.tests.test_iter43_email_gate_extra" name="test_change_email_never_sets_verified" time="0.671" /><testcase classname="backend.tests.test_iter43_email_gate_extra" name="test_verify_page_html_shape" time="0.142" /><testcase classname="backend.tests.test_iter43_email_gate_extra" name="test_unverified_user_hidden_from_nearby" time="1.138" /><testcase classname="backend.tests.test_iter43_email_gate_extra" name="test_admin_users_status_filters" time="0.624" /><testcase classname="backend.tests.test_iter43_email_gate_extra" name="test_admin_email_stats_funnel" time="0.492" /></testsuite></testsuites>