<?xml version="1.0" encoding="utf-8"?><testsuites name="pytest tests"><testsuite name="pytest" errors="0" failures="0" skipped="0" tests="15" time="5.415" timestamp="2026-08-06T01:06:00.992176+00:00" hostname="agent-env-f3c73295-65e4-451e-9f78-1c4dff4aca67"><testcase classname="backend.tests.test_iter37_billing_plans.TestFreshRegisterDefaults" name="test_default_free_plan_and_radius" time="0.449" /><testcase classname="backend.tests.test_iter37_billing_plans.TestFreeUserRadiusAndPlan" name="test_radius_over_cap_clamped_to_250" time="0.342" /><testcase classname="backend.tests.test_iter37_billing_plans.TestFreeUserRadiusAndPlan" name="test_radius_100_allowed" time="0.106" /><testcase classname="backend.tests.test_iter37_billing_plans.TestFreeUserRadiusAndPlan" name="test_free_user_cannot_self_upgrade_to_pro" time="0.112" /><testcase classname="backend.tests.test_iter37_billing_plans.TestFreeUserRadiusAndPlan" name="test_free_user_cannot_self_upgrade_to_plus" time="0.111" /><testcase classname="backend.tests.test_iter37_billing_plans.TestFreeUserRadiusAndPlan" name="test_free_user_setting_free_ok" time="0.144" /><testcase classname="backend.tests.test_iter37_billing_plans.TestRealUserSandboxDenied" name="test_real_user_sandbox_purchase_403" time="0.124" /><testcase classname="backend.tests.test_iter37_billing_plans.TestBillingConfig" name="test_config_products_and_mode" time="0.476" /><testcase classname="backend.tests.test_iter37_billing_plans.TestBillingConfig" name="test_verify_returns_501" time="0.122" /><testcase classname="backend.tests.test_iter37_billing_plans.TestDemoUserSubscriptionLifecycle" name="test_full_lifecycle" time="2.151" /><testcase classname="backend.tests.test_iter37_billing_plans.TestAdminBilling" name="test_control_billing_get" time="0.428" /><testcase classname="backend.tests.test_iter37_billing_plans.TestAdminBilling" name="test_admin_cannot_set_entitlement_on_real_user" time="0.098" /><testcase classname="backend.tests.test_iter37_billing_plans.TestAdminBilling" name="test_admin_can_set_entitlement_on_demo_user_then_revert" time="0.276" /><testcase classname="backend.tests.test_iter37_billing_plans.TestRegressions" name="test_nearby_free_user" time="0.285" /><testcase classname="backend.tests.test_iter37_billing_plans.TestRegressions" name="test_vibes_still_returns_visible_list" time="0.099" /></testsuite></testsuites>