<?xml version="1.0" encoding="utf-8"?><testsuites name="pytest tests"><testsuite name="pytest" errors="0" failures="0" skipped="0" tests="6" time="1.453" timestamp="2026-07-17T09:05:42.221751+00:00" hostname="agent-env-f3c73295-65e4-451e-9f78-1c4dff4aca67"><testcase classname="tests.test_iter19_adaptive_radar.TestProfessionalsFilter" name="test_professionals_category_hr" time="0.413" /><testcase classname="tests.test_iter19_adaptive_radar.TestProfessionalsFilter" name="test_professionals_available_now_filter" time="0.154" /><testcase classname="tests.test_iter19_adaptive_radar.TestProfessionalsFilter" name="test_professionals_only_verified" time="0.058" /><testcase classname="tests.test_iter19_adaptive_radar.TestProRequestsGate" name="test_unverified_jade_blocked" time="0.120" /><testcase classname="tests.test_iter19_adaptive_radar.TestProRequestsGate" name="test_verified_sana_sees_requests" time="0.091" /><testcase classname="tests.test_iter19_adaptive_radar.TestModePersistence" name="test_put_mode_persists" time="0.448" /></testsuite></testsuites>