<?xml version="1.0" encoding="utf-8"?><testsuites name="pytest tests"><testsuite name="pytest" errors="0" failures="0" skipped="2" tests="56" time="37.401" timestamp="2026-07-30T11:36:18.531638+00:00" hostname="agent-env-f3c73295-65e4-451e-9f78-1c4dff4aca67"><testcase classname="backend.tests.test_iter29_full_audit.TestAuth" name="test_register_valid" time="0.489" /><testcase classname="backend.tests.test_iter29_full_audit.TestAuth" name="test_register_duplicate" time="0.429" /><testcase classname="backend.tests.test_iter29_full_audit.TestAuth" name="test_register_underage" time="0.107" /><testcase classname="backend.tests.test_iter29_full_audit.TestAuth" name="test_register_missing_fields" time="0.102" /><testcase classname="backend.tests.test_iter29_full_audit.TestAuth" name="test_register_weak_password" time="0.329" /><testcase classname="backend.tests.test_iter29_full_audit.TestAuth" name="test_login_valid_and_wrong_pw" time="0.986" /><testcase classname="backend.tests.test_iter29_full_audit.TestAuth" name="test_login_nonexistent" time="0.105" /><testcase classname="backend.tests.test_iter29_full_audit.TestAuth" name="test_me_with_valid_and_invalid_token" time="0.622" /><testcase classname="backend.tests.test_iter29_full_audit.TestAuth" name="test_demo_login" time="0.101" /><testcase classname="backend.tests.test_iter29_full_audit.TestAuth" name="test_forgot_password_generic_ok_both" time="0.368" /><testcase classname="backend.tests.test_iter29_full_audit.TestAuth" name="test_reset_password_wrong_code" time="0.098" /><testcase classname="backend.tests.test_iter29_full_audit.TestAuth" name="test_verify_email_invalid_token_safe_html" time="0.097" /><testcase classname="backend.tests.test_iter29_full_audit.TestAuth" name="test_unsubscribe_invalid_token_safe_html" time="0.098" /><testcase classname="backend.tests.test_iter29_full_audit.TestAuth" name="test_resend_verification_auth_required" time="0.092" /><testcase classname="backend.tests.test_iter29_full_audit.TestAuth" name="test_account_deletion_full_cleanup" time="0.632" /><testcase classname="backend.tests.test_iter29_full_audit.TestAuth" name="test_demo_account_cannot_be_deleted" time="0.195" /><testcase classname="backend.tests.test_iter29_full_audit.TestPeopleMode" name="test_vibes" time="0.105" /><testcase classname="backend.tests.test_iter29_full_audit.TestPeopleMode" name="test_nearby_basics_and_no_lat_lng_leak" time="0.249" /><testcase classname="backend.tests.test_iter29_full_audit.TestPeopleMode" name="test_nearby_requires_auth" time="0.098" /><testcase classname="backend.tests.test_iter29_full_audit.TestPeopleMode" name="test_nearby_radius_cap" time="0.210" /><testcase classname="backend.tests.test_iter29_full_audit.TestPeopleMode" name="test_user_by_id_endpoint" time="0.197" /><testcase classname="backend.tests.test_iter29_full_audit.TestPeopleMode" name="test_pings_list" time="0.202" /><testcase classname="backend.tests.test_iter29_full_audit.TestPeopleMode" name="test_connect_request_flow" time="0.608" /><testcase classname="backend.tests.test_iter29_full_audit.TestPeopleMode" name="test_connect_self" time="0.303" /><testcase classname="backend.tests.test_iter29_full_audit.TestPeopleMode" name="test_connect_to_nonexistent" time="0.201" /><testcase classname="backend.tests.test_iter29_full_audit.TestPeopleMode" name="test_encounters" time="0.207" /><testcase classname="backend.tests.test_iter29_full_audit.TestPeopleMode" name="test_profile_update_persists" time="0.523" /><testcase classname="backend.tests.test_iter29_full_audit.TestPeopleMode" name="test_photo_add_delete" time="0.649" /><testcase classname="backend.tests.test_iter29_full_audit.TestPeopleMode" name="test_saved_add_delete" time="0.603" /><testcase classname="backend.tests.test_iter29_full_audit.TestProfessionalMode" name="test_professionals_list_and_filters" time="0.939" /><testcase classname="backend.tests.test_iter29_full_audit.TestProfessionalMode" name="test_pro_profile_public" time="1.142" /><testcase classname="backend.tests.test_iter29_full_audit.TestProfessionalMode" name="test_verification_submit_and_status" time="0.634" /><testcase classname="backend.tests.test_iter29_full_audit.TestProfessionalMode" name="test_professional_connect_flow" time="1.315" /><testcase classname="backend.tests.test_iter29_full_audit.TestProfessionalMode" name="test_professional_connect_banned_words" time="1.107" /><testcase classname="backend.tests.test_iter29_full_audit.TestChat" name="test_messages_require_participant" time="1.440" /><testcase classname="backend.tests.test_iter29_full_audit.TestChat" name="test_send_message_empty_and_long" time="1.390" /><testcase classname="backend.tests.test_iter29_full_audit.TestChat" name="test_rapid_sends_no_duplicates" time="2.861" /><testcase classname="backend.tests.test_iter29_full_audit.TestSessionsReviews" name="test_invalid_status_400" time="1.125" /><testcase classname="backend.tests.test_iter29_full_audit.TestSessionsReviews" name="test_review_flow_rejections" time="0.809" /><testcase classname="backend.tests.test_iter29_full_audit.TestBlockReport" name="test_block_hides_from_nearby" time="2.131" /><testcase classname="backend.tests.test_iter29_full_audit.TestBlockReport" name="test_report_invalid_and_valid" time="1.771" /><testcase classname="backend.tests.test_iter29_full_audit.TestAdminControl" name="test_control_login_bad" time="0.650" /><testcase classname="backend.tests.test_iter29_full_audit.TestAdminControl" name="test_control_login_ok_and_me" time="0.536" /><testcase classname="backend.tests.test_iter29_full_audit.TestAdminControl" name="test_non_admin_blocked" time="1.070" /><testcase classname="backend.tests.test_iter29_full_audit.TestAdminControl" name="test_admin_users_and_search" time="0.612" /><testcase classname="backend.tests.test_iter29_full_audit.TestAdminControl" name="test_admin_database_viewer_no_secrets" time="1.823" /><testcase classname="backend.tests.test_iter29_full_audit.TestAdminControl" name="test_admin_stats_and_flags_and_email" time="1.320" /><testcase classname="backend.tests.test_iter29_full_audit.TestAdminControl" name="test_admin_high_risk_requires_reauth" time="0.453"><skipped type="pytest.skip" message="no QA_ user to act on">/app/backend/tests/test_iter29_full_audit.py:519: no QA_ user to act on</skipped></testcase><testcase classname="backend.tests.test_iter29_full_audit.TestErrorHandling" name="test_nonexistent_route_404" time="0.096" /><testcase classname="backend.tests.test_iter29_full_audit.TestErrorHandling" name="test_wrong_method" time="0.092" /><testcase classname="backend.tests.test_iter29_full_audit.TestErrorHandling" name="test_malformed_json" time="0.093" /><testcase classname="backend.tests.test_iter29_full_audit.TestErrorHandling" name="test_no_stack_traces_in_errors" time="0.189" /><testcase classname="backend.tests.test_iter29_full_audit.TestDataConsistency" name="test_no_plaintext_passwords_via_admin" time="0.416" /><testcase classname="backend.tests.test_iter29_full_audit.TestDataConsistency" name="test_password_reset_stores_hash_not_raw" time="3.369"><skipped type="pytest.skip" message="password_resets not exposed via db viewer (colls={&quot;items&quot;:[{&quot;name&quot;:&quot;users&quot;,&quot;count&quot;:129},{&quot;name&quot;:&quot;professional_profiles&quot;,&quot;count&quot;:23},{&quot;name&quot;:&quot;verification_submissions&quot;,&quot;count&quot;:27},{&quot;name&quot;:&quot;help_requests&quot;,&quot;count&quot;:16},{&quot;name&quot;:&quot;pings&quot;,&quot;count&quot;:55},{&quot;name)">/app/backend/tests/test_iter29_full_audit.py:577: password_resets not exposed via db viewer (colls={"items":[{"name":"users","count":129},{"name":"professional_profiles","count":23},{"name":"verification_submissions","count":27},{"name":"help_requests","count":16},{"name":"pings","count":55},{"name)</skipped></testcase><testcase classname="backend.tests.test_iter29_full_audit.TestDataConsistency" name="test_email_events_no_secrets" time="0.458" /><testcase classname="backend.tests.test_iter29_full_audit.TestZCleanup" name="test_cleanup_qa_accounts" time="0.415" /></testsuite></testsuites>