<?xml version="1.0" encoding="utf-8"?><testsuites name="pytest tests"><testsuite name="pytest" errors="0" failures="0" skipped="1" tests="26" time="19.703" timestamp="2026-07-29T04:17:24.952967+00:00" hostname="agent-env-f3c73295-65e4-451e-9f78-1c4dff4aca67"><testcase classname="backend.tests.test_iter26_email_system.TestTemplates" name="test_list_templates_count" time="0.447" /><testcase classname="backend.tests.test_iter26_email_system.TestTemplates" name="test_preview_template" time="0.046" /><testcase classname="backend.tests.test_iter26_email_system.TestTemplates" name="test_preview_unknown_404" time="0.044" /><testcase classname="backend.tests.test_iter26_email_system.TestTemplates" name="test_mandatory_cannot_be_disabled" time="0.043" /><testcase classname="backend.tests.test_iter26_email_system.TestTemplates" name="test_optional_toggle_persists" time="0.088" /><testcase classname="backend.tests.test_iter26_email_system.TestTemplates" name="test_admin_test_send_expected_failed" time="0.325" /><testcase classname="backend.tests.test_iter26_email_system.TestRegistrationEvents" name="test_register_creates_events" time="6.320" /><testcase classname="backend.tests.test_iter26_email_system.TestEmailPreferences" name="test_get_defaults" time="0.045" /><testcase classname="backend.tests.test_iter26_email_system.TestEmailPreferences" name="test_put_persists" time="0.085" /><testcase classname="backend.tests.test_iter26_email_system.TestPublicEmailPages" name="test_unsubscribe_bad_token" time="0.047" /><testcase classname="backend.tests.test_iter26_email_system.TestPublicEmailPages" name="test_verify_bad_token" time="0.045" /><testcase classname="backend.tests.test_iter26_email_system.TestPublicEmailPages" name="test_resend_verification_auth" time="0.240" /><testcase classname="backend.tests.test_iter26_email_system.TestPasswordResetRegression" name="test_forgot_creates_event" time="4.234" /><testcase classname="backend.tests.test_iter26_email_system.TestPasswordResetRegression" name="test_reset_wrong_code_400" time="0.044" /><testcase classname="backend.tests.test_iter26_email_system.TestReportFeedbackTriggers" name="test_report_creates_event" time="0.053"><skipped type="pytest.skip" message="no reportable user id available">/app/backend/tests/test_iter26_email_system.py:229: no reportable user id available</skipped></testcase><testcase classname="backend.tests.test_iter26_email_system.TestReportFeedbackTriggers" name="test_feedback_cooldown" time="6.183" /><testcase classname="backend.tests.test_iter26_email_system.TestControlEmailsAdmin" name="test_events_search_by_email" time="0.044" /><testcase classname="backend.tests.test_iter26_email_system.TestControlEmailsAdmin" name="test_stats" time="0.052" /><testcase classname="backend.tests.test_iter26_email_system.TestControlEmailsAdmin" name="test_retry_password_reset_forbidden" time="0.094" /><testcase classname="backend.tests.test_iter26_email_system.TestControlEmailsAdmin" name="test_retry_failed_non_security" time="0.254" /><testcase classname="backend.tests.test_iter26_email_system.TestResendWebhook" name="test_bounce_twice_creates_suppression" time="0.168" /><testcase classname="backend.tests.test_iter26_email_system.TestResendWebhook" name="test_complained_immediate_suppression" time="0.092" /><testcase classname="backend.tests.test_iter26_email_system.TestResendWebhook" name="test_delete_suppression" time="0.158" /><testcase classname="backend.tests.test_iter26_email_system.TestRegression" name="test_demo_login_ok" time="0.042" /><testcase classname="backend.tests.test_iter26_email_system.TestRegression" name="test_real_login_ok" time="0.265" /><testcase classname="backend.tests.test_iter26_email_system.TestRegression" name="test_professional_endpoints_alive" time="0.145" /></testsuite></testsuites>