<?xml version="1.0" encoding="utf-8"?><testsuites name="pytest tests"><testsuite name="pytest" errors="0" failures="0" skipped="0" tests="12" time="3.228" timestamp="2026-08-23T04:30:24.490683+00:00" hostname="agent-env-f3c73295-65e4-451e-9f78-1c4dff4aca67"><testcase classname="backend.tests.test_iter50_live_user_sync.TestLiveUserSync" name="test_new_real_signup_visible_in_live_users" time="0.928" /><testcase classname="backend.tests.test_iter50_live_user_sync.TestLiveUserSync" name="test_new_real_signup_visible_without_mode_header" time="0.107" /><testcase classname="backend.tests.test_iter50_live_user_sync.TestLiveUserSync" name="test_unknown_mode_header_defaults_to_live" time="0.118" /><testcase classname="backend.tests.test_iter50_live_user_sync.TestLiveUserSync" name="test_new_real_signup_not_in_demo_mode" time="0.097" /><testcase classname="backend.tests.test_iter50_live_user_sync.TestLiveUserSync" name="test_user_with_missing_is_demo_field_is_live" time="0.476" /><testcase classname="backend.tests.test_iter50_live_user_sync.TestLiveUserSync" name="test_user_with_is_demo_false_is_live" time="0.001" /><testcase classname="backend.tests.test_iter50_live_user_sync.TestLiveUserSync" name="test_demo_user_excluded_from_live" time="0.203" /><testcase classname="backend.tests.test_iter50_live_user_sync.TestLiveUserSync" name="test_live_kpi_counts_real_users_and_excludes_demo" time="0.160" /><testcase classname="backend.tests.test_iter50_live_user_sync.TestLiveUserSync" name="test_dashboard_without_header_is_live" time="0.109" /><testcase classname="backend.tests.test_iter50_live_user_sync.TestLiveUserSync" name="test_newest_first_page_one" time="0.425" /><testcase classname="backend.tests.test_iter50_live_user_sync.TestRbacUnchanged" name="test_anonymous_rejected" time="0.101" /><testcase classname="backend.tests.test_iter50_live_user_sync.TestRbacUnchanged" name="test_ordinary_user_token_rejected" time="0.437" /></testsuite></testsuites>