<?xml version="1.0" encoding="utf-8"?><testsuites name="pytest tests"><testsuite name="pytest" errors="0" failures="0" skipped="0" tests="13" time="9.563" timestamp="2026-07-09T09:19:36.186834+00:00" hostname="agent-env-f3c73295-65e4-451e-9f78-1c4dff4aca67"><testcase classname="tests.test_iter6_safety_admin.TestReportsRisk" name="test_low_risk_spam_report" time="0.771" /><testcase classname="tests.test_iter6_safety_admin.TestReportsRisk" name="test_medium_risk_harassment_flags_user" time="0.702" /><testcase classname="tests.test_iter6_safety_admin.TestReportsRisk" name="test_high_risk_unsafe_hides_user" time="1.307" /><testcase classname="tests.test_iter6_safety_admin.TestAdminDashboard" name="test_dashboard_shape" time="0.204" /><testcase classname="tests.test_iter6_safety_admin.TestAdminDashboard" name="test_admin_action_dismiss_resets_status" time="0.919" /><testcase classname="tests.test_iter6_safety_admin.TestHide" name="test_hide_excludes_both_ways_and_deletes_saved" time="1.264" /><testcase classname="tests.test_iter6_safety_admin.TestMutualOnly" name="test_mutual_only_filters_incompatible_vibes" time="1.353" /><testcase classname="tests.test_iter6_safety_admin.TestEventCodes" name="test_invalid_event_code_returns_404" time="0.188" /><testcase classname="tests.test_iter6_safety_admin.TestEventCodes" name="test_intro100_join_and_shared_event_bonus" time="1.050" /><testcase classname="tests.test_iter6_safety_admin.TestCompletion" name="test_completion_returns_score_done_suggestions" time="0.179" /><testcase classname="tests.test_iter6_safety_admin.TestDismissalFeedback" name="test_dismissal_feedback_ok" time="0.286" /><testcase classname="tests.test_iter6_safety_admin.TestMeetupsAndNoShows" name="test_meetup_with_point_and_no_show_cancel" time="0.963" /><testcase classname="tests.test_iter6_safety_admin.TestNearbyPayloadAvailability" name="test_users_have_availability_and_intent_strength" time="0.282" /></testsuite></testsuites>