<?xml version="1.0" encoding="utf-8"?><testsuites name="pytest tests"><testsuite name="pytest" errors="0" failures="0" skipped="0" tests="19" time="16.604" timestamp="2026-07-29T15:36:13.831884+00:00" hostname="agent-env-f3c73295-65e4-451e-9f78-1c4dff4aca67"><testcase classname="backend.tests.test_iter27_email_logo.TestEmailAsset" name="test_logo_ok" time="0.163" /><testcase classname="backend.tests.test_iter27_email_logo.TestEmailAsset" name="test_logo_immutable_at_origin" time="0.003" /><testcase classname="backend.tests.test_iter27_email_logo.TestEmailAsset" name="test_path_traversal_encoded" time="0.105" /><testcase classname="backend.tests.test_iter27_email_logo.TestEmailAsset" name="test_path_traversal_plain" time="0.100" /><testcase classname="backend.tests.test_iter27_email_logo.TestEmailAsset" name="test_missing_file" time="0.146" /><testcase classname="backend.tests.test_iter27_email_logo.TestSharedLayoutPreview" name="test_preview_inherits_new_logo[welcome]" time="0.485" /><testcase classname="backend.tests.test_iter27_email_logo.TestSharedLayoutPreview" name="test_preview_inherits_new_logo[password_reset]" time="0.229" /><testcase classname="backend.tests.test_iter27_email_logo.TestSharedLayoutPreview" name="test_preview_inherits_new_logo[pro_approved]" time="0.201" /><testcase classname="backend.tests.test_iter27_email_logo.TestSharedLayoutPreview" name="test_preview_no_api_key_leak[welcome]" time="0.119" /><testcase classname="backend.tests.test_iter27_email_logo.TestSharedLayoutPreview" name="test_preview_no_api_key_leak[password_reset]" time="0.123" /><testcase classname="backend.tests.test_iter27_email_logo.TestSharedLayoutPreview" name="test_preview_no_api_key_leak[pro_approved]" time="0.139" /><testcase classname="backend.tests.test_iter27_email_logo.TestLiveSend" name="test_one_live_send_and_resend_metadata" time="4.521" /><testcase classname="backend.tests.test_iter27_email_logo.TestRegressionRegistration" name="test_registration_logs_verify_and_welcome" time="7.671" /><testcase classname="backend.tests.test_iter27_email_logo.TestRegressionRegistration" name="test_templates_count_56" time="0.124" /><testcase classname="backend.tests.test_iter27_email_logo.TestRegressionRegistration" name="test_demo_login_works" time="0.125" /><testcase classname="backend.tests.test_iter27_email_logo.TestRegressionRegistration" name="test_email_preferences_endpoint" time="0.145" /><testcase classname="backend.tests.test_iter27_email_logo.TestNoApiKeyLeak" name="test_stats_no_leak" time="0.127" /><testcase classname="backend.tests.test_iter27_email_logo.TestNoApiKeyLeak" name="test_events_no_leak" time="0.104" /><testcase classname="backend.tests.test_iter27_email_logo.TestNoApiKeyLeak" name="test_failed_events_no_leak" time="1.897" /></testsuite></testsuites>