<?xml version="1.0" encoding="utf-8"?><testsuites name="pytest tests"><testsuite name="pytest" errors="0" failures="0" skipped="0" tests="6" time="9.512" timestamp="2026-08-26T11:33:53.131912+00:00" hostname="agent-env-f3c73295-65e4-451e-9f78-1c4dff4aca67"><testcase classname="backend.tests.test_iter54_prelaunch_extra.TestVerifiedProAutoCreate" name="test_approved_user_without_profile_gets_auto_created" time="0.815" /><testcase classname="backend.tests.test_iter54_prelaunch_extra.TestVerifiedProAutoCreate" name="test_public_pro_profile_does_not_expose_documents" time="0.993" /><testcase classname="backend.tests.test_iter54_prelaunch_extra.TestVerificationExtract" name="test_tiny_png_returns_200_never_500" time="5.221" /><testcase classname="backend.tests.test_iter54_prelaunch_extra.TestVerificationExtract" name="test_non_image_returns_empty_fields" time="0.512" /><testcase classname="backend.tests.test_iter54_prelaunch_extra.TestOutOfRangePings" name="test_in_range_ping_marks_in_range_true" time="0.817" /><testcase classname="backend.tests.test_iter54_prelaunch_extra.TestOutOfRangePings" name="test_out_of_range_marks_in_range_false_and_accept_409" time="1.079" /></testsuite></testsuites>