<?xml version="1.0" encoding="utf-8"?><testsuites name="pytest tests"><testsuite name="pytest" errors="0" failures="0" skipped="0" tests="14" time="2.602" timestamp="2026-07-02T11:38:52.847643+00:00" hostname="agent-env-f3c73295-65e4-451e-9f78-1c4dff4aca67"><testcase classname="backend.tests.backend_test" name="test_root" time="0.244" /><testcase classname="backend.tests.backend_test.TestAuth" name="test_register_duplicate_email_rejected" time="0.342" /><testcase classname="backend.tests.backend_test.TestAuth" name="test_login_success_seeded_account" time="0.271" /><testcase classname="backend.tests.backend_test.TestAuth" name="test_login_wrong_password" time="0.287" /><testcase classname="backend.tests.backend_test.TestAuth" name="test_me_without_token" time="0.101" /><testcase classname="backend.tests.backend_test.TestAuth" name="test_me_with_token" time="0.108" /><testcase classname="backend.tests.backend_test.TestProfileState" name="test_update_profile" time="0.194" /><testcase classname="backend.tests.backend_test.TestProfileState" name="test_update_state" time="0.112" /><testcase classname="backend.tests.backend_test.TestStatuses" name="test_get_default_statuses" time="0.051" /><testcase classname="backend.tests.backend_test.TestStatuses" name="test_add_custom_status" time="0.144" /><testcase classname="backend.tests.backend_test.TestNearby" name="test_nearby_requires_auth" time="0.098" /><testcase classname="backend.tests.backend_test.TestNearby" name="test_nearby_returns_mock_users_sorted" time="0.237" /><testcase classname="backend.tests.backend_test.TestNearby" name="test_nearby_radius_filter" time="0.131" /><testcase classname="backend.tests.backend_test.TestNearby" name="test_nearby_busy_no_matches" time="0.204" /></testsuite></testsuites>